<?xml version="1.0" encoding="UTF-8"?>
<testng-results ignored="0" total="1" passed="1" failed="0" skipped="0">
  <reporter-output>
  </reporter-output>
  <suite started-at="2025-02-24T12:14:20 IST" name="Default suite" finished-at="2025-02-24T12:14:28 IST" duration-ms="7662">
    <groups>
    </groups>
    <test started-at="2025-02-24T12:14:20 IST" name="Default test" finished-at="2025-02-24T12:14:28 IST" duration-ms="7662">
      <class name="demo1.Testcase1">
        <test-method signature="users()[pri:0, instance:demo1.Testcase1@313ac989]" started-at="2025-02-24T12:14:20 IST" name="users" finished-at="2025-02-24T12:14:28 IST" duration-ms="7610" status="PASS">
          <reporter-output>
          </reporter-output>
        </test-method> <!-- users -->
      </class> <!-- demo1.Testcase1 -->
    </test> <!-- Default test -->
  </suite> <!-- Default suite -->
</testng-results>
